<?xml version="1.0" encoding="UTF-8"?>
<coverage generated="1738517525687" clover="3.2.0">
  <project timestamp="1738517525687" name="All files">
    <metrics statements="118" coveredstatements="72" conditionals="41" coveredconditionals="18" methods="38" coveredmethods="22" elements="197" coveredelements="112" complexity="0" loc="118" ncloc="118" packages="3" files="7" classes="7"/>
    <package name="src">
      <metrics statements="2" coveredstatements="0" conditionals="0" coveredconditionals="0" methods="1" coveredmethods="0"/>
      <file name="App.js" path="C:\Users\toram\OneDrive\Desktop\DEVOps-2\frontend\src\App.js">
        <metrics statements="2" coveredstatements="0" conditionals="0" coveredconditionals="0" methods="1" coveredmethods="0"/>
        <line num="16" count="0" type="stmt"/>
        <line num="29" count="0" type="stmt"/>
      </file>
    </package>
    <package name="src.components">
      <metrics statements="13" coveredstatements="0" conditionals="0" coveredconditionals="0" methods="8" coveredmethods="0"/>
      <file name="Navbar.js" path="C:\Users\toram\OneDrive\Desktop\DEVOps-2\frontend\src\components\Navbar.js">
        <metrics statements="5" coveredstatements="0" conditionals="0" coveredconditionals="0" methods="4" coveredmethods="0"/>
        <line num="10" count="0" type="stmt"/>
        <line num="12" count="0" type="stmt"/>
        <line num="16" count="0" type="stmt"/>
        <line num="26" count="0" type="stmt"/>
        <line num="39" count="0" type="stmt"/>
      </file>
      <file name="Sidebar.js" path="C:\Users\toram\OneDrive\Desktop\DEVOps-2\frontend\src\components\Sidebar.js">
        <metrics statements="8" coveredstatements="0" conditionals="0" coveredconditionals="0" methods="4" coveredmethods="0"/>
        <line num="21" count="0" type="stmt"/>
        <line num="23" count="0" type="stmt"/>
        <line num="31" count="0" type="stmt"/>
        <line num="32" count="0" type="stmt"/>
        <line num="34" count="0" type="stmt"/>
        <line num="51" count="0" type="stmt"/>
        <line num="54" count="0" type="stmt"/>
        <line num="73" count="0" type="stmt"/>
      </file>
    </package>
    <package name="src.pages">
      <metrics statements="103" coveredstatements="72" conditionals="41" coveredconditionals="18" methods="29" coveredmethods="22"/>
      <file name="BuildPredictions.js" path="C:\Users\toram\OneDrive\Desktop\DEVOps-2\frontend\src\pages\BuildPredictions.js">
        <metrics statements="25" coveredstatements="0" conditionals="10" coveredconditionals="0" methods="6" coveredmethods="0"/>
        <line num="14" count="0" type="stmt"/>
        <line num="23" count="0" type="stmt"/>
        <line num="24" count="0" type="stmt"/>
        <line num="25" count="0" type="stmt"/>
        <line num="26" count="0" type="stmt"/>
        <line num="32" count="0" type="stmt"/>
        <line num="33" count="0" type="stmt"/>
        <line num="34" count="0" type="stmt"/>
        <line num="35" count="0" type="stmt"/>
        <line num="37" count="0" type="stmt"/>
        <line num="39" count="0" type="stmt"/>
        <line num="47" count="0" type="cond" truecount="0" falsecount="2"/>
        <line num="48" count="0" type="stmt"/>
        <line num="51" count="0" type="stmt"/>
        <line num="52" count="0" type="stmt"/>
        <line num="63" count="0" type="stmt"/>
        <line num="65" count="0" type="stmt"/>
        <line num="69" count="0" type="stmt"/>
        <line num="70" count="0" type="cond" truecount="0" falsecount="2"/>
        <line num="71" count="0" type="cond" truecount="0" falsecount="2"/>
        <line num="72" count="0" type="stmt"/>
        <line num="75" count="0" type="stmt"/>
        <line num="96" count="0" type="stmt"/>
        <line num="107" count="0" type="stmt"/>
        <line num="118" count="0" type="stmt"/>
      </file>
      <file name="Dashboard.js" path="C:\Users\toram\OneDrive\Desktop\DEVOps-2\frontend\src\pages\Dashboard.js">
        <metrics statements="36" coveredstatements="30" conditionals="19" coveredconditionals="10" methods="9" coveredmethods="8"/>
        <line num="38" count="1" type="stmt"/>
        <line num="49" count="7" type="stmt"/>
        <line num="50" count="6" type="stmt"/>
        <line num="51" count="6" type="stmt"/>
        <line num="57" count="6" type="stmt"/>
        <line num="58" count="4" type="stmt"/>
        <line num="59" count="4" type="stmt"/>
        <line num="60" count="4" type="stmt"/>
        <line num="63" count="6" type="stmt"/>
        <line num="64" count="5" type="stmt"/>
        <line num="65" count="5" type="stmt"/>
        <line num="66" count="4" type="stmt"/>
        <line num="67" count="3" type="stmt"/>
        <line num="68" count="3" type="stmt"/>
        <line num="69" count="3" type="stmt"/>
        <line num="71" count="2" type="stmt"/>
        <line num="72" count="2" type="stmt"/>
        <line num="76" count="6" type="stmt"/>
        <line num="77" count="2" type="cond" truecount="1" falsecount="3"/>
        <line num="79" count="0" type="stmt"/>
        <line num="81" count="0" type="stmt"/>
        <line num="83" count="0" type="stmt"/>
        <line num="85" count="2" type="stmt"/>
        <line num="89" count="6" type="stmt"/>
        <line num="90" count="2" type="cond" truecount="1" falsecount="2"/>
        <line num="92" count="0" type="stmt"/>
        <line num="94" count="2" type="stmt"/>
        <line num="96" count="0" type="stmt"/>
        <line num="100" count="6" type="stmt"/>
        <line num="115" count="6" type="cond" truecount="2" falsecount="0"/>
        <line num="116" count="4" type="stmt"/>
        <line num="123" count="2" type="cond" truecount="1" falsecount="1"/>
        <line num="124" count="0" type="stmt"/>
        <line num="131" count="2" type="stmt"/>
        <line num="192" count="4" type="stmt"/>
        <line num="244" count="2" type="stmt"/>
      </file>
      <file name="Settings.js" path="C:\Users\toram\OneDrive\Desktop\DEVOps-2\frontend\src\pages\Settings.js">
        <metrics statements="16" coveredstatements="16" conditionals="6" coveredconditionals="4" methods="4" coveredmethods="4"/>
        <line num="15" count="13" type="stmt"/>
        <line num="24" count="13" type="stmt"/>
        <line num="25" count="13" type="stmt"/>
        <line num="27" count="13" type="stmt"/>
        <line num="28" count="7" type="stmt"/>
        <line num="29" count="7" type="stmt"/>
        <line num="33" count="7" type="stmt"/>
        <line num="36" count="13" type="stmt"/>
        <line num="37" count="2" type="stmt"/>
        <line num="38" count="2" type="stmt"/>
        <line num="40" count="2" type="stmt"/>
        <line num="47" count="1" type="stmt"/>
        <line num="48" count="1" type="stmt"/>
        <line num="50" count="1" type="stmt"/>
        <line num="51" count="1" type="stmt"/>
        <line num="55" count="13" type="stmt"/>
      </file>
      <file name="SystemMetrics.js" path="C:\Users\toram\OneDrive\Desktop\DEVOps-2\frontend\src\pages\SystemMetrics.js">
        <metrics statements="26" coveredstatements="26" conditionals="6" coveredconditionals="4" methods="10" coveredmethods="10"/>
        <line num="13" count="9" type="stmt"/>
        <line num="14" count="8" type="stmt"/>
        <line num="15" count="8" type="stmt"/>
        <line num="23" count="8" type="stmt"/>
        <line num="24" count="180" type="stmt"/>
        <line num="36" count="8" type="stmt"/>
        <line num="50" count="8" type="stmt"/>
        <line num="51" count="6" type="stmt"/>
        <line num="52" count="7" type="stmt"/>
        <line num="54" count="7" type="stmt"/>
        <line num="55" count="6" type="stmt"/>
        <line num="56" count="4" type="stmt"/>
        <line num="57" count="4" type="stmt"/>
        <line num="59" count="3" type="stmt"/>
        <line num="60" count="3" type="stmt"/>
        <line num="65" count="6" type="stmt"/>
        <line num="68" count="6" type="stmt"/>
        <line num="70" count="6" type="stmt"/>
        <line num="74" count="8" type="stmt"/>
        <line num="75" count="240" type="stmt"/>
        <line num="76" count="240" type="stmt"/>
        <line num="77" count="240" type="stmt"/>
        <line num="80" count="8" type="cond" truecount="2" falsecount="0"/>
        <line num="81" count="6" type="stmt"/>
        <line num="88" count="2" type="stmt"/>
        <line num="151" count="2" type="stmt"/>
      </file>
    </package>
  </project>
</coverage>
