{"C:\\Users\\toram\\OneDrive\\Desktop\\DEVOps-2\\frontend\\src\\App.js": {"path":"C:\\Users\\toram\\OneDrive\\Desktop\\DEVOps-2\\frontend\\src\\App.js","statementMap":{"0":{"start":{"line":16,"column":14},"end":{"line":26,"column":2}},"1":{"start":{"line":29,"column":2},"end":{"line":56,"column":4}}},"fnMap":{"0":{"name":"App","decl":{"start":{"line":28,"column":9},"end":{"line":28,"column":12}},"loc":{"start":{"line":28,"column":15},"end":{"line":57,"column":1}},"line":28}},"branchMap":{},"s":{"0":0,"1":0},"f":{"0":0},"b":{},"hash":"bf9b3c59961389c17476e6cc06f8ba9e3947a08c"}
,"C:\\Users\\toram\\OneDrive\\Desktop\\DEVOps-2\\frontend\\src\\components\\Navbar.js": {"path":"C:\\Users\\toram\\OneDrive\\Desktop\\DEVOps-2\\frontend\\src\\components\\Navbar.js","statementMap":{"0":{"start":{"line":10,"column":19},"end":{"line":10,"column":32}},"1":{"start":{"line":12,"column":2},"end":{"line":45,"column":4}},"2":{"start":{"line":16,"column":27},"end":{"line":16,"column":50}},"3":{"start":{"line":26,"column":25},"end":{"line":26,"column":38}},"4":{"start":{"line":39,"column":25},"end":{"line":39,"column":46}}},"fnMap":{"0":{"name":"Navbar","decl":{"start":{"line":9,"column":9},"end":{"line":9,"column":15}},"loc":{"start":{"line":9,"column":18},"end":{"line":46,"column":1}},"line":9},"1":{"name":"(anonymous_1)","decl":{"start":{"line":16,"column":16},"end":{"line":16,"column":17}},"loc":{"start":{"line":16,"column":27},"end":{"line":16,"column":50}},"line":16},"2":{"name":"(anonymous_2)","decl":{"start":{"line":26,"column":19},"end":{"line":26,"column":20}},"loc":{"start":{"line":26,"column":25},"end":{"line":26,"column":38}},"line":26},"3":{"name":"(anonymous_3)","decl":{"start":{"line":39,"column":19},"end":{"line":39,"column":20}},"loc":{"start":{"line":39,"column":25},"end":{"line":39,"column":46}},"line":39}},"branchMap":{},"s":{"0":0,"1":0,"2":0,"3":0,"4":0},"f":{"0":0,"1":0,"2":0,"3":0},"b":{},"hash":"3c77c8e69139e0eb1b18da0adc1624d8dd1317e1"}
,"C:\\Users\\toram\\OneDrive\\Desktop\\DEVOps-2\\frontend\\src\\components\\Sidebar.js": {"path":"C:\\Users\\toram\\OneDrive\\Desktop\\DEVOps-2\\frontend\\src\\components\\Sidebar.js","statementMap":{"0":{"start":{"line":21,"column":20},"end":{"line":21,"column":23}},"1":{"start":{"line":23,"column":18},"end":{"line":28,"column":1}},"2":{"start":{"line":31,"column":19},"end":{"line":31,"column":32}},"3":{"start":{"line":32,"column":19},"end":{"line":32,"column":32}},"4":{"start":{"line":34,"column":2},"end":{"line":84,"column":4}},"5":{"start":{"line":51,"column":12},"end":{"line":66,"column":23}},"6":{"start":{"line":54,"column":29},"end":{"line":54,"column":48}},"7":{"start":{"line":73,"column":27},"end":{"line":73,"column":48}}},"fnMap":{"0":{"name":"Sidebar","decl":{"start":{"line":30,"column":9},"end":{"line":30,"column":16}},"loc":{"start":{"line":30,"column":19},"end":{"line":85,"column":1}},"line":30},"1":{"name":"(anonymous_1)","decl":{"start":{"line":50,"column":25},"end":{"line":50,"column":26}},"loc":{"start":{"line":51,"column":12},"end":{"line":66,"column":23}},"line":51},"2":{"name":"(anonymous_2)","decl":{"start":{"line":54,"column":23},"end":{"line":54,"column":24}},"loc":{"start":{"line":54,"column":29},"end":{"line":54,"column":48}},"line":54},"3":{"name":"(anonymous_3)","decl":{"start":{"line":73,"column":21},"end":{"line":73,"column":22}},"loc":{"start":{"line":73,"column":27},"end":{"line":73,"column":48}},"line":73}},"branchMap":{},"s":{"0":0,"1":0,"2":0,"3":0,"4":0,"5":0,"6":0,"7":0},"f":{"0":0,"1":0,"2":0,"3":0},"b":{},"hash":"8c96099c294f4f06b7df30a53cf4aa140b357935"}
,"C:\\Users\\toram\\OneDrive\\Desktop\\DEVOps-2\\frontend\\src\\pages\\BuildPredictions.js": {"path":"C:\\Users\\toram\\OneDrive\\Desktop\\DEVOps-2\\frontend\\src\\pages\\BuildPredictions.js","statementMap":{"0":{"start":{"line":14,"column":16},"end":{"line":20,"column":1}},"1":{"start":{"line":23,"column":32},"end":{"line":23,"column":47}},"2":{"start":{"line":24,"column":28},"end":{"line":24,"column":42}},"3":{"start":{"line":25,"column":40},"end":{"line":25,"column":52}},"4":{"start":{"line":26,"column":34},"end":{"line":30,"column":4}},"5":{"start":{"line":32,"column":23},"end":{"line":67,"column":3}},"6":{"start":{"line":33,"column":4},"end":{"line":33,"column":23}},"7":{"start":{"line":34,"column":4},"end":{"line":34,"column":21}},"8":{"start":{"line":35,"column":4},"end":{"line":35,"column":19}},"9":{"start":{"line":37,"column":4},"end":{"line":66,"column":5}},"10":{"start":{"line":39,"column":23},"end":{"line":45,"column":8}},"11":{"start":{"line":47,"column":6},"end":{"line":49,"column":7}},"12":{"start":{"line":48,"column":8},"end":{"line":48,"column":53}},"13":{"start":{"line":51,"column":19},"end":{"line":51,"column":40}},"14":{"start":{"line":52,"column":6},"end":{"line":61,"column":9}},"15":{"start":{"line":63,"column":6},"end":{"line":63,"column":28}},"16":{"start":{"line":65,"column":6},"end":{"line":65,"column":24}},"17":{"start":{"line":69,"column":23},"end":{"line":73,"column":3}},"18":{"start":{"line":70,"column":4},"end":{"line":70,"column":41}},"19":{"start":{"line":70,"column":28},"end":{"line":70,"column":41}},"20":{"start":{"line":71,"column":4},"end":{"line":71,"column":44}},"21":{"start":{"line":71,"column":28},"end":{"line":71,"column":44}},"22":{"start":{"line":72,"column":4},"end":{"line":72,"column":18}},"23":{"start":{"line":75,"column":2},"end":{"line":159,"column":4}},"24":{"start":{"line":96,"column":18},"end":{"line":96,"column":77}},"25":{"start":{"line":107,"column":18},"end":{"line":107,"column":70}},"26":{"start":{"line":118,"column":18},"end":{"line":118,"column":74}}},"fnMap":{"0":{"name":"BuildPredictions","decl":{"start":{"line":22,"column":9},"end":{"line":22,"column":25}},"loc":{"start":{"line":22,"column":28},"end":{"line":160,"column":1}},"line":22},"1":{"name":"(anonymous_1)","decl":{"start":{"line":32,"column":23},"end":{"line":32,"column":24}},"loc":{"start":{"line":32,"column":36},"end":{"line":67,"column":3}},"line":32},"2":{"name":"(anonymous_2)","decl":{"start":{"line":69,"column":23},"end":{"line":69,"column":24}},"loc":{"start":{"line":69,"column":40},"end":{"line":73,"column":3}},"line":69},"3":{"name":"(anonymous_3)","decl":{"start":{"line":95,"column":26},"end":{"line":95,"column":27}},"loc":{"start":{"line":96,"column":18},"end":{"line":96,"column":77}},"line":96},"4":{"name":"(anonymous_4)","decl":{"start":{"line":106,"column":26},"end":{"line":106,"column":27}},"loc":{"start":{"line":107,"column":18},"end":{"line":107,"column":70}},"line":107},"5":{"name":"(anonymous_5)","decl":{"start":{"line":117,"column":26},"end":{"line":117,"column":27}},"loc":{"start":{"line":118,"column":18},"end":{"line":118,"column":74}},"line":118}},"branchMap":{"0":{"loc":{"start":{"line":47,"column":6},"end":{"line":49,"column":7}},"type":"if","locations":[{"start":{"line":47,"column":6},"end":{"line":49,"column":7}},{"start":{"line":47,"column":6},"end":{"line":49,"column":7}}],"line":47},"1":{"loc":{"start":{"line":70,"column":4},"end":{"line":70,"column":41}},"type":"if","locations":[{"start":{"line":70,"column":4},"end":{"line":70,"column":41}},{"start":{"line":70,"column":4},"end":{"line":70,"column":41}}],"line":70},"2":{"loc":{"start":{"line":71,"column":4},"end":{"line":71,"column":44}},"type":"if","locations":[{"start":{"line":71,"column":4},"end":{"line":71,"column":44}},{"start":{"line":71,"column":4},"end":{"line":71,"column":44}}],"line":71},"3":{"loc":{"start":{"line":129,"column":17},"end":{"line":129,"column":76}},"type":"cond-expr","locations":[{"start":{"line":129,"column":27},"end":{"line":129,"column":57}},{"start":{"line":129,"column":60},"end":{"line":129,"column":76}}],"line":129},"4":{"loc":{"start":{"line":132,"column":13},"end":{"line":136,"column":13}},"type":"binary-expr","locations":[{"start":{"line":132,"column":13},"end":{"line":132,"column":18}},{"start":{"line":133,"column":14},"end":{"line":135,"column":22}}],"line":132}},"s":{"0":0,"1":0,"2":0,"3":0,"4":0,"5":0,"6":0,"7":0,"8":0,"9":0,"10":0,"11":0,"12":0,"13":0,"14":0,"15":0,"16":0,"17":0,"18":0,"19":0,"20":0,"21":0,"22":0,"23":0,"24":0,"25":0,"26":0},"f":{"0":0,"1":0,"2":0,"3":0,"4":0,"5":0},"b":{"0":[0,0],"1":[0,0],"2":[0,0],"3":[0,0],"4":[0,0]},"hash":"dfe7ccdbed32ce7f92eb948448cb2a2aa2a6eb48"}
,"C:\\Users\\toram\\OneDrive\\Desktop\\DEVOps-2\\frontend\\src\\pages\\Dashboard.js": {"path":"C:\\Users\\toram\\OneDrive\\Desktop\\DEVOps-2\\frontend\\src\\pages\\Dashboard.js","statementMap":{"0":{"start":{"line":38,"column":0},"end":{"line":46,"column":2}},"1":{"start":{"line":49,"column":32},"end":{"line":49,"column":46}},"2":{"start":{"line":50,"column":28},"end":{"line":50,"column":42}},"3":{"start":{"line":51,"column":26},"end":{"line":55,"column":4}},"4":{"start":{"line":57,"column":2},"end":{"line":61,"column":9}},"5":{"start":{"line":58,"column":4},"end":{"line":58,"column":25}},"6":{"start":{"line":59,"column":21},"end":{"line":59,"column":59}},"7":{"start":{"line":60,"column":4},"end":{"line":60,"column":41}},"8":{"start":{"line":60,"column":17},"end":{"line":60,"column":40}},"9":{"start":{"line":63,"column":29},"end":{"line":74,"column":3}},"10":{"start":{"line":64,"column":4},"end":{"line":73,"column":5}},"11":{"start":{"line":65,"column":23},"end":{"line":65,"column":52}},"12":{"start":{"line":66,"column":21},"end":{"line":66,"column":42}},"13":{"start":{"line":67,"column":6},"end":{"line":67,"column":22}},"14":{"start":{"line":68,"column":6},"end":{"line":68,"column":24}},"15":{"start":{"line":69,"column":6},"end":{"line":69,"column":21}},"16":{"start":{"line":71,"column":6},"end":{"line":71,"column":49}},"17":{"start":{"line":72,"column":6},"end":{"line":72,"column":24}},"18":{"start":{"line":76,"column":30},"end":{"line":87,"column":3}},"19":{"start":{"line":77,"column":4},"end":{"line":86,"column":5}},"20":{"start":{"line":79,"column":8},"end":{"line":79,"column":25}},"21":{"start":{"line":81,"column":8},"end":{"line":81,"column":23}},"22":{"start":{"line":83,"column":8},"end":{"line":83,"column":22}},"23":{"start":{"line":85,"column":8},"end":{"line":85,"column":25}},"24":{"start":{"line":89,"column":33},"end":{"line":98,"column":3}},"25":{"start":{"line":90,"column":4},"end":{"line":97,"column":5}},"26":{"start":{"line":92,"column":8},"end":{"line":92,"column":39}},"27":{"start":{"line":94,"column":8},"end":{"line":94,"column":43}},"28":{"start":{"line":96,"column":8},"end":{"line":96,"column":40}},"29":{"start":{"line":100,"column":23},"end":{"line":113,"column":3}},"30":{"start":{"line":115,"column":2},"end":{"line":121,"column":3}},"31":{"start":{"line":116,"column":4},"end":{"line":120,"column":6}},"32":{"start":{"line":123,"column":2},"end":{"line":129,"column":3}},"33":{"start":{"line":124,"column":4},"end":{"line":128,"column":6}},"34":{"start":{"line":131,"column":2},"end":{"line":321,"column":4}},"35":{"start":{"line":192,"column":16},"end":{"line":214,"column":27}},"36":{"start":{"line":244,"column":18},"end":{"line":257,"column":29}}},"fnMap":{"0":{"name":"Dashboard","decl":{"start":{"line":48,"column":9},"end":{"line":48,"column":18}},"loc":{"start":{"line":48,"column":21},"end":{"line":322,"column":1}},"line":48},"1":{"name":"(anonymous_1)","decl":{"start":{"line":57,"column":12},"end":{"line":57,"column":13}},"loc":{"start":{"line":57,"column":18},"end":{"line":61,"column":3}},"line":57},"2":{"name":"(anonymous_2)","decl":{"start":{"line":60,"column":11},"end":{"line":60,"column":12}},"loc":{"start":{"line":60,"column":17},"end":{"line":60,"column":40}},"line":60},"3":{"name":"(anonymous_3)","decl":{"start":{"line":63,"column":29},"end":{"line":63,"column":30}},"loc":{"start":{"line":63,"column":41},"end":{"line":74,"column":3}},"line":63},"4":{"name":"(anonymous_4)","decl":{"start":{"line":76,"column":30},"end":{"line":76,"column":31}},"loc":{"start":{"line":76,"column":42},"end":{"line":87,"column":3}},"line":76},"5":{"name":"(anonymous_5)","decl":{"start":{"line":89,"column":33},"end":{"line":89,"column":34}},"loc":{"start":{"line":89,"column":47},"end":{"line":98,"column":3}},"line":89},"6":{"name":"(anonymous_6)","decl":{"start":{"line":191,"column":49},"end":{"line":191,"column":50}},"loc":{"start":{"line":192,"column":16},"end":{"line":214,"column":27}},"line":192},"7":{"name":"(anonymous_7)","decl":{"start":{"line":221,"column":23},"end":{"line":221,"column":24}},"loc":{"start":{"line":221,"column":29},"end":{"line":221,"column":66}},"line":221},"8":{"name":"(anonymous_8)","decl":{"start":{"line":243,"column":41},"end":{"line":243,"column":42}},"loc":{"start":{"line":244,"column":18},"end":{"line":257,"column":29}},"line":244}},"branchMap":{"0":{"loc":{"start":{"line":77,"column":4},"end":{"line":86,"column":5}},"type":"switch","locations":[{"start":{"line":78,"column":6},"end":{"line":79,"column":25}},{"start":{"line":80,"column":6},"end":{"line":81,"column":23}},{"start":{"line":82,"column":6},"end":{"line":83,"column":22}},{"start":{"line":84,"column":6},"end":{"line":85,"column":25}}],"line":77},"1":{"loc":{"start":{"line":90,"column":4},"end":{"line":97,"column":5}},"type":"switch","locations":[{"start":{"line":91,"column":6},"end":{"line":92,"column":39}},{"start":{"line":93,"column":6},"end":{"line":94,"column":43}},{"start":{"line":95,"column":6},"end":{"line":96,"column":40}}],"line":90},"2":{"loc":{"start":{"line":115,"column":2},"end":{"line":121,"column":3}},"type":"if","locations":[{"start":{"line":115,"column":2},"end":{"line":121,"column":3}},{"start":{"line":115,"column":2},"end":{"line":121,"column":3}}],"line":115},"3":{"loc":{"start":{"line":123,"column":2},"end":{"line":129,"column":3}},"type":"if","locations":[{"start":{"line":123,"column":2},"end":{"line":129,"column":3}},{"start":{"line":123,"column":2},"end":{"line":129,"column":3}}],"line":123},"4":{"loc":{"start":{"line":194,"column":21},"end":{"line":200,"column":21}},"type":"cond-expr","locations":[{"start":{"line":195,"column":22},"end":{"line":195,"column":53}},{"start":{"line":196,"column":24},"end":{"line":200,"column":21}}],"line":194},"5":{"loc":{"start":{"line":196,"column":24},"end":{"line":200,"column":21}},"type":"cond-expr","locations":[{"start":{"line":197,"column":22},"end":{"line":197,"column":45}},{"start":{"line":199,"column":22},"end":{"line":199,"column":47}}],"line":196},"6":{"loc":{"start":{"line":235,"column":15},"end":{"line":259,"column":15}},"type":"cond-expr","locations":[{"start":{"line":236,"column":16},"end":{"line":241,"column":27}},{"start":{"line":243,"column":16},"end":{"line":258,"column":18}}],"line":235},"7":{"loc":{"start":{"line":279,"column":19},"end":{"line":283,"column":19}},"type":"cond-expr","locations":[{"start":{"line":280,"column":20},"end":{"line":280,"column":50}},{"start":{"line":282,"column":20},"end":{"line":282,"column":50}}],"line":279}},"s":{"0":1,"1":7,"2":6,"3":6,"4":6,"5":4,"6":4,"7":4,"8":4,"9":6,"10":5,"11":5,"12":4,"13":3,"14":3,"15":3,"16":2,"17":2,"18":6,"19":2,"20":0,"21":0,"22":0,"23":2,"24":6,"25":2,"26":0,"27":2,"28":0,"29":6,"30":6,"31":4,"32":2,"33":0,"34":2,"35":4,"36":2},"f":{"0":7,"1":4,"2":4,"3":5,"4":2,"5":2,"6":4,"7":0,"8":2},"b":{"0":[0,0,0,2],"1":[0,2,0],"2":[4,2],"3":[0,2],"4":[2,2],"5":[2,0],"6":[0,2],"7":[2,0]},"_coverageSchema":"43e27e138ebf9cfc5966b082cf9a028302ed4184","hash":"02eea054b3bb795ce9d3e11a1c1e53240bb59978"}
,"C:\\Users\\toram\\OneDrive\\Desktop\\DEVOps-2\\frontend\\src\\pages\\Settings.js": {"path":"C:\\Users\\toram\\OneDrive\\Desktop\\DEVOps-2\\frontend\\src\\pages\\Settings.js","statementMap":{"0":{"start":{"line":15,"column":34},"end":{"line":22,"column":4}},"1":{"start":{"line":24,"column":28},"end":{"line":24,"column":43}},"2":{"start":{"line":25,"column":28},"end":{"line":25,"column":42}},"3":{"start":{"line":27,"column":23},"end":{"line":34,"column":3}},"4":{"start":{"line":28,"column":37},"end":{"line":28,"column":49}},"5":{"start":{"line":29,"column":4},"end":{"line":32,"column":8}},"6":{"start":{"line":29,"column":25},"end":{"line":32,"column":5}},"7":{"start":{"line":33,"column":4},"end":{"line":33,"column":20}},"8":{"start":{"line":36,"column":23},"end":{"line":53,"column":3}},"9":{"start":{"line":37,"column":4},"end":{"line":37,"column":27}},"10":{"start":{"line":38,"column":4},"end":{"line":52,"column":5}},"11":{"start":{"line":40,"column":6},"end":{"line":46,"column":9}},"12":{"start":{"line":47,"column":6},"end":{"line":47,"column":21}},"13":{"start":{"line":48,"column":6},"end":{"line":48,"column":21}},"14":{"start":{"line":50,"column":6},"end":{"line":50,"column":42}},"15":{"start":{"line":51,"column":6},"end":{"line":51,"column":22}},"16":{"start":{"line":55,"column":2},"end":{"line":173,"column":4}}},"fnMap":{"0":{"name":"Settings","decl":{"start":{"line":14,"column":9},"end":{"line":14,"column":17}},"loc":{"start":{"line":14,"column":20},"end":{"line":174,"column":1}},"line":14},"1":{"name":"(anonymous_1)","decl":{"start":{"line":27,"column":23},"end":{"line":27,"column":24}},"loc":{"start":{"line":27,"column":34},"end":{"line":34,"column":3}},"line":27},"2":{"name":"(anonymous_2)","decl":{"start":{"line":29,"column":16},"end":{"line":29,"column":17}},"loc":{"start":{"line":29,"column":25},"end":{"line":32,"column":5}},"line":29},"3":{"name":"(anonymous_3)","decl":{"start":{"line":36,"column":23},"end":{"line":36,"column":24}},"loc":{"start":{"line":36,"column":40},"end":{"line":53,"column":3}},"line":36}},"branchMap":{"0":{"loc":{"start":{"line":31,"column":14},"end":{"line":31,"column":64}},"type":"cond-expr","locations":[{"start":{"line":31,"column":49},"end":{"line":31,"column":56}},{"start":{"line":31,"column":59},"end":{"line":31,"column":64}}],"line":31},"1":{"loc":{"start":{"line":61,"column":7},"end":{"line":65,"column":7}},"type":"binary-expr","locations":[{"start":{"line":61,"column":7},"end":{"line":61,"column":12}},{"start":{"line":62,"column":8},"end":{"line":64,"column":16}}],"line":61},"2":{"loc":{"start":{"line":67,"column":7},"end":{"line":71,"column":7}},"type":"binary-expr","locations":[{"start":{"line":67,"column":7},"end":{"line":67,"column":12}},{"start":{"line":68,"column":8},"end":{"line":70,"column":16}}],"line":67}},"s":{"0":13,"1":13,"2":13,"3":13,"4":7,"5":7,"6":7,"7":7,"8":13,"9":2,"10":2,"11":2,"12":1,"13":1,"14":1,"15":1,"16":13},"f":{"0":13,"1":7,"2":7,"3":2},"b":{"0":[1,6],"1":[13,0],"2":[13,0]},"_coverageSchema":"43e27e138ebf9cfc5966b082cf9a028302ed4184","hash":"fffdcbbcba0e8da821cf0feaecf8923edb60a792"}
,"C:\\Users\\toram\\OneDrive\\Desktop\\DEVOps-2\\frontend\\src\\pages\\SystemMetrics.js": {"path":"C:\\Users\\toram\\OneDrive\\Desktop\\DEVOps-2\\frontend\\src\\pages\\SystemMetrics.js","statementMap":{"0":{"start":{"line":13,"column":32},"end":{"line":13,"column":46}},"1":{"start":{"line":14,"column":28},"end":{"line":14,"column":42}},"2":{"start":{"line":15,"column":32},"end":{"line":20,"column":4}},"3":{"start":{"line":23,"column":26},"end":{"line":34,"column":4}},"4":{"start":{"line":23,"column":51},"end":{"line":34,"column":3}},"5":{"start":{"line":24,"column":35},"end":{"line":24,"column":50}},"6":{"start":{"line":36,"column":23},"end":{"line":48,"column":3}},"7":{"start":{"line":50,"column":2},"end":{"line":71,"column":9}},"8":{"start":{"line":51,"column":25},"end":{"line":62,"column":5}},"9":{"start":{"line":52,"column":6},"end":{"line":61,"column":7}},"10":{"start":{"line":54,"column":25},"end":{"line":54,"column":59}},"11":{"start":{"line":55,"column":21},"end":{"line":55,"column":42}},"12":{"start":{"line":56,"column":8},"end":{"line":56,"column":25}},"13":{"start":{"line":57,"column":8},"end":{"line":57,"column":26}},"14":{"start":{"line":59,"column":8},"end":{"line":59,"column":51}},"15":{"start":{"line":60,"column":8},"end":{"line":60,"column":26}},"16":{"start":{"line":65,"column":4},"end":{"line":65,"column":19}},"17":{"start":{"line":68,"column":21},"end":{"line":68,"column":53}},"18":{"start":{"line":70,"column":4},"end":{"line":70,"column":41}},"19":{"start":{"line":70,"column":17},"end":{"line":70,"column":40}},"20":{"start":{"line":74,"column":21},"end":{"line":78,"column":3}},"21":{"start":{"line":75,"column":42},"end":{"line":75,"column":61}},"22":{"start":{"line":76,"column":45},"end":{"line":76,"column":64}},"23":{"start":{"line":77,"column":43},"end":{"line":77,"column":62}},"24":{"start":{"line":80,"column":2},"end":{"line":86,"column":3}},"25":{"start":{"line":81,"column":4},"end":{"line":85,"column":6}},"26":{"start":{"line":88,"column":2},"end":{"line":161,"column":4}},"27":{"start":{"line":151,"column":18},"end":{"line":153,"column":26}}},"fnMap":{"0":{"name":"SystemMetrics","decl":{"start":{"line":12,"column":9},"end":{"line":12,"column":22}},"loc":{"start":{"line":12,"column":25},"end":{"line":162,"column":1}},"line":12},"1":{"name":"(anonymous_1)","decl":{"start":{"line":23,"column":26},"end":{"line":23,"column":27}},"loc":{"start":{"line":23,"column":51},"end":{"line":34,"column":3}},"line":23},"2":{"name":"(anonymous_2)","decl":{"start":{"line":24,"column":21},"end":{"line":24,"column":22}},"loc":{"start":{"line":24,"column":35},"end":{"line":24,"column":50}},"line":24},"3":{"name":"(anonymous_3)","decl":{"start":{"line":50,"column":12},"end":{"line":50,"column":13}},"loc":{"start":{"line":50,"column":18},"end":{"line":71,"column":3}},"line":50},"4":{"name":"(anonymous_4)","decl":{"start":{"line":51,"column":25},"end":{"line":51,"column":26}},"loc":{"start":{"line":51,"column":37},"end":{"line":62,"column":5}},"line":51},"5":{"name":"(anonymous_5)","decl":{"start":{"line":70,"column":11},"end":{"line":70,"column":12}},"loc":{"start":{"line":70,"column":17},"end":{"line":70,"column":40}},"line":70},"6":{"name":"(anonymous_6)","decl":{"start":{"line":75,"column":36},"end":{"line":75,"column":37}},"loc":{"start":{"line":75,"column":42},"end":{"line":75,"column":61}},"line":75},"7":{"name":"(anonymous_7)","decl":{"start":{"line":76,"column":39},"end":{"line":76,"column":40}},"loc":{"start":{"line":76,"column":45},"end":{"line":76,"column":64}},"line":76},"8":{"name":"(anonymous_8)","decl":{"start":{"line":77,"column":37},"end":{"line":77,"column":38}},"loc":{"start":{"line":77,"column":43},"end":{"line":77,"column":62}},"line":77},"9":{"name":"(anonymous_9)","decl":{"start":{"line":150,"column":38},"end":{"line":150,"column":39}},"loc":{"start":{"line":151,"column":18},"end":{"line":153,"column":26}},"line":151}},"branchMap":{"0":{"loc":{"start":{"line":80,"column":2},"end":{"line":86,"column":3}},"type":"if","locations":[{"start":{"line":80,"column":2},"end":{"line":86,"column":3}},{"start":{"line":80,"column":2},"end":{"line":86,"column":3}}],"line":80},"1":{"loc":{"start":{"line":94,"column":7},"end":{"line":98,"column":7}},"type":"binary-expr","locations":[{"start":{"line":94,"column":7},"end":{"line":94,"column":12}},{"start":{"line":95,"column":8},"end":{"line":97,"column":16}}],"line":94},"2":{"loc":{"start":{"line":147,"column":15},"end":{"line":155,"column":15}},"type":"cond-expr","locations":[{"start":{"line":148,"column":16},"end":{"line":148,"column":71}},{"start":{"line":150,"column":16},"end":{"line":154,"column":18}}],"line":147}},"s":{"0":9,"1":8,"2":8,"3":8,"4":6,"5":180,"6":8,"7":8,"8":6,"9":7,"10":7,"11":6,"12":4,"13":4,"14":3,"15":3,"16":6,"17":6,"18":6,"19":6,"20":8,"21":240,"22":240,"23":240,"24":8,"25":6,"26":2,"27":2},"f":{"0":9,"1":6,"2":180,"3":6,"4":7,"5":6,"6":240,"7":240,"8":240,"9":2},"b":{"0":[6,2],"1":[2,0],"2":[0,2]},"_coverageSchema":"43e27e138ebf9cfc5966b082cf9a028302ed4184","hash":"d0dfd72b2a2f2f5acd521252e5441c6dce48e57b"}
}
