TN:
SF:C:\Users\toram\OneDrive\Desktop\DEVOps-2\frontend\src\App.js
FN:28,App
FNF:1
FNH:0
FNDA:0,App
DA:16,0
DA:29,0
LF:2
LH:0
BRF:0
BRH:0
end_of_record
TN:
SF:C:\Users\toram\OneDrive\Desktop\DEVOps-2\frontend\src\components\Navbar.js
FN:9,Navbar
FN:16,(anonymous_1)
FN:26,(anonymous_2)
FN:39,(anonymous_3)
FNF:4
FNH:0
FNDA:0,Navbar
FNDA:0,(anonymous_1)
FNDA:0,(anonymous_2)
FNDA:0,(anonymous_3)
DA:10,0
DA:12,0
DA:16,0
DA:26,0
DA:39,0
LF:5
LH:0
BRF:0
BRH:0
end_of_record
TN:
SF:C:\Users\toram\OneDrive\Desktop\DEVOps-2\frontend\src\components\Sidebar.js
FN:30,Sidebar
FN:50,(anonymous_1)
FN:54,(anonymous_2)
FN:73,(anonymous_3)
FNF:4
FNH:0
FNDA:0,Sidebar
FNDA:0,(anonymous_1)
FNDA:0,(anonymous_2)
FNDA:0,(anonymous_3)
DA:21,0
DA:23,0
DA:31,0
DA:32,0
DA:34,0
DA:51,0
DA:54,0
DA:73,0
LF:8
LH:0
BRF:0
BRH:0
end_of_record
TN:
SF:C:\Users\toram\OneDrive\Desktop\DEVOps-2\frontend\src\pages\BuildPredictions.js
FN:22,BuildPredictions
FN:32,(anonymous_1)
FN:69,(anonymous_2)
FN:95,(anonymous_3)
FN:106,(anonymous_4)
FN:117,(anonymous_5)
FNF:6
FNH:0
FNDA:0,BuildPredictions
FNDA:0,(anonymous_1)
FNDA:0,(anonymous_2)
FNDA:0,(anonymous_3)
FNDA:0,(anonymous_4)
FNDA:0,(anonymous_5)
DA:14,0
DA:23,0
DA:24,0
DA:25,0
DA:26,0
DA:32,0
DA:33,0
DA:34,0
DA:35,0
DA:37,0
DA:39,0
DA:47,0
DA:48,0
DA:51,0
DA:52,0
DA:63,0
DA:65,0
DA:69,0
DA:70,0
DA:71,0
DA:72,0
DA:75,0
DA:96,0
DA:107,0
DA:118,0
LF:25
LH:0
BRDA:47,0,0,0
BRDA:47,0,1,0
BRDA:70,1,0,0
BRDA:70,1,1,0
BRDA:71,2,0,0
BRDA:71,2,1,0
BRDA:129,3,0,0
BRDA:129,3,1,0
BRDA:132,4,0,0
BRDA:132,4,1,0
BRF:10
BRH:0
end_of_record
TN:
SF:C:\Users\toram\OneDrive\Desktop\DEVOps-2\frontend\src\pages\Dashboard.js
FN:48,Dashboard
FN:57,(anonymous_1)
FN:60,(anonymous_2)
FN:63,(anonymous_3)
FN:76,(anonymous_4)
FN:89,(anonymous_5)
FN:191,(anonymous_6)
FN:221,(anonymous_7)
FN:243,(anonymous_8)
FNF:9
FNH:8
FNDA:7,Dashboard
FNDA:4,(anonymous_1)
FNDA:4,(anonymous_2)
FNDA:5,(anonymous_3)
FNDA:2,(anonymous_4)
FNDA:2,(anonymous_5)
FNDA:4,(anonymous_6)
FNDA:0,(anonymous_7)
FNDA:2,(anonymous_8)
DA:38,1
DA:49,7
DA:50,6
DA:51,6
DA:57,6
DA:58,4
DA:59,4
DA:60,4
DA:63,6
DA:64,5
DA:65,5
DA:66,4
DA:67,3
DA:68,3
DA:69,3
DA:71,2
DA:72,2
DA:76,6
DA:77,2
DA:79,0
DA:81,0
DA:83,0
DA:85,2
DA:89,6
DA:90,2
DA:92,0
DA:94,2
DA:96,0
DA:100,6
DA:115,6
DA:116,4
DA:123,2
DA:124,0
DA:131,2
DA:192,4
DA:244,2
LF:36
LH:30
BRDA:77,0,0,0
BRDA:77,0,1,0
BRDA:77,0,2,0
BRDA:77,0,3,2
BRDA:90,1,0,0
BRDA:90,1,1,2
BRDA:90,1,2,0
BRDA:115,2,0,4
BRDA:115,2,1,2
BRDA:123,3,0,0
BRDA:123,3,1,2
BRDA:194,4,0,2
BRDA:194,4,1,2
BRDA:196,5,0,2
BRDA:196,5,1,0
BRDA:235,6,0,0
BRDA:235,6,1,2
BRDA:279,7,0,2
BRDA:279,7,1,0
BRF:19
BRH:10
end_of_record
TN:
SF:C:\Users\toram\OneDrive\Desktop\DEVOps-2\frontend\src\pages\Settings.js
FN:14,Settings
FN:27,(anonymous_1)
FN:29,(anonymous_2)
FN:36,(anonymous_3)
FNF:4
FNH:4
FNDA:13,Settings
FNDA:7,(anonymous_1)
FNDA:7,(anonymous_2)
FNDA:2,(anonymous_3)
DA:15,13
DA:24,13
DA:25,13
DA:27,13
DA:28,7
DA:29,7
DA:33,7
DA:36,13
DA:37,2
DA:38,2
DA:40,2
DA:47,1
DA:48,1
DA:50,1
DA:51,1
DA:55,13
LF:16
LH:16
BRDA:31,0,0,1
BRDA:31,0,1,6
BRDA:61,1,0,13
BRDA:61,1,1,0
BRDA:67,2,0,13
BRDA:67,2,1,0
BRF:6
BRH:4
end_of_record
TN:
SF:C:\Users\toram\OneDrive\Desktop\DEVOps-2\frontend\src\pages\SystemMetrics.js
FN:12,SystemMetrics
FN:23,(anonymous_1)
FN:24,(anonymous_2)
FN:50,(anonymous_3)
FN:51,(anonymous_4)
FN:70,(anonymous_5)
FN:75,(anonymous_6)
FN:76,(anonymous_7)
FN:77,(anonymous_8)
FN:150,(anonymous_9)
FNF:10
FNH:10
FNDA:9,SystemMetrics
FNDA:6,(anonymous_1)
FNDA:180,(anonymous_2)
FNDA:6,(anonymous_3)
FNDA:7,(anonymous_4)
FNDA:6,(anonymous_5)
FNDA:240,(anonymous_6)
FNDA:240,(anonymous_7)
FNDA:240,(anonymous_8)
FNDA:2,(anonymous_9)
DA:13,9
DA:14,8
DA:15,8
DA:23,8
DA:24,180
DA:36,8
DA:50,8
DA:51,6
DA:52,7
DA:54,7
DA:55,6
DA:56,4
DA:57,4
DA:59,3
DA:60,3
DA:65,6
DA:68,6
DA:70,6
DA:74,8
DA:75,240
DA:76,240
DA:77,240
DA:80,8
DA:81,6
DA:88,2
DA:151,2
LF:26
LH:26
BRDA:80,0,0,6
BRDA:80,0,1,2
BRDA:94,1,0,2
BRDA:94,1,1,0
BRDA:147,2,0,0
BRDA:147,2,1,2
BRF:6
BRH:4
end_of_record
